INFO	2019-03-20 12:33:07,152	__main__	!!!	https://444.hu/2019/03/20/a-szakmai-szervezetek-sem-ertik-mi-alapjan-osztottak-ki-az-allami-kitunteteseket már korábban le lett gyűjtve!
INFO	2019-03-20 12:33:07,152	__main__	!!!	https://444.hu/2019/03/20/alfoldi-mi-fog-tortenni-ha-haromszaz-ember-elott-elmondom-hogy-nem-ertek-egyet-a-kormannyal-semmi4 már korábban le lett gyűjtve!
INFO	2019-03-20 12:33:07,152	__main__	!!!	https://444.hu/2019/03/20/sikeresen-kikelt-a-masodik-sasfioka-a-bekamerazott-feszekben már korábban le lett gyűjtve!
INFO	2019-03-20 12:33:07,152	__main__	!!!	https://444.hu/2019/03/20/globalis-fellepest-surget-a-rasszistak-ellen-uj-zeland-miniszterelnoke már korábban le lett gyűjtve!
INFO	2019-03-20 12:33:07,152	__main__	!!!	https://444.hu/2019/03/20/most-hogy-a-balatonra-koltozik-ott-kezdtek-tiltakozni-a-red-bull-air-race-ellen már korábban le lett gyűjtve!
INFO	2019-03-20 12:33:07,152	__main__	!!!	https://444.hu/2019/03/20/a-brit-nemzeti-arckeptar-visszamondta-az-opiatdkereskedo-csalad-egymillio-fontos-adomanyat már korábban le lett gyűjtve!
INFO	2019-03-20 12:33:07,152	__main__	!!!	https://444.hu/2019/03/20/kukaba-szorult-egy-medvebocs-tusnadfurdon már korábban le lett gyűjtve!
INFO	2019-03-20 12:33:07,153	__main__	!!!	https://444.hu/2019/03/20/gyogyszerekkel-olte-meg-a-ferjet-mert-az-nem-akart-elvalni-tole már korábban le lett gyűjtve!
INFO	2019-03-20 12:33:07,153	__main__	!!!	https://444.hu/2019/03/20/magyarorszag-elso-eu-tagallamkent-diplomaciai-kepviseletet-nyitott-jeruzsalemben már korábban le lett gyűjtve!
INFO	2019-03-20 12:33:07,153	__main__	!!!	https://444.hu/2019/03/20/vizsgaljak-az-egyesult-allamokban-hogy-egyaltalan-hogyan-kaphatott-repulesi-engedelyt-a-boeing-uj-modellje már korábban le lett gyűjtve!
INFO	2019-03-20 12:33:07,153	__main__	!!!	https://444.hu/2019/03/20/az-uj-kazah-elnok-elso-dolga-volt-hogy-nazarbajevrol-nevezze-el-a-fovarost már korábban le lett gyűjtve!
INFO	2019-03-20 12:33:07,153	__main__	!!!	https://444.hu/2019/03/20/olyan-keves-mutosseged-maradt-a-fiumei-uti-traumatologiai-intezetben-hogy-kedden-mutetek-maradtak-el már korábban le lett gyűjtve!
INFO	2019-03-20 12:33:07,153	__main__	!!!	https://444.hu/2019/03/20/may-csak-a-brexit-rovid-halasztasat-fogja-kerni-az-eu-tol már korábban le lett gyűjtve!
INFO	2019-03-20 12:33:07,153	__main__	!!!	https://444.hu/2019/03/20/urant-szallito-kamionra-tamadtak-fegyveresek-braziliaban már korábban le lett gyűjtve!
INFO	2019-03-20 12:33:07,153	__main__	!!!	https://444.hu/2019/03/20/hatekonyabb-modszert-keresnek-szegeden-a-szepszis-kezelesere már korábban le lett gyűjtve!
INFO	2019-03-20 12:33:07,153	__main__	!!!	https://444.hu/2019/03/20/csutortoktol-lehet-kerelmeket-benyujtani-az-ep-valasztasra már korábban le lett gyűjtve!
INFO	2019-03-20 12:33:07,153	__main__	!!!	https://444.hu/2019/03/20/derus-hajnalt-mondanam-ha-nem-lenne-ennyire-borus már korábban le lett gyűjtve!
INFO	2019-03-20 12:33:07,153	__main__	!!!	https://444.hu/2019/03/20/na-ebben-most-ennyi-volt már korábban le lett gyűjtve!
INFO	2019-03-20 12:33:07,153	__main__	!!!	https://444.hu/2019/03/19/a-monsanto-gyomirtoja-is-hozzajarult-egy-amerikai-ferfi-rakjahoz-a-birosag-szerint már korábban le lett gyűjtve!
INFO	2019-03-20 12:33:07,153	__main__	!!!	https://444.hu/2019/03/19/egy-oecd-felmeres-szerint-hiaba-elunk-gazdag-orszagokban-boldogtalanok-vagyunk már korábban le lett gyűjtve!
INFO	2019-03-20 12:33:07,153	__main__	!!!	https://444.hu/2019/03/19/peter-parker-may-neni-john-cleese-bruce-wayne-es-jon-snow-is-szerepel-a-feher-haz-gyakornokait-felsorolo-listan már korábban le lett gyűjtve!
INFO	2019-03-20 12:33:07,154	__main__	!!!	https://444.hu/2019/03/19/a-takarekbank-megvenne-a-budapest-bankot már korábban le lett gyűjtve!
INFO	2019-03-20 12:33:07,154	__main__	!!!	https://444.hu/2019/03/19/bkv-sztrajk-johet-beremelesert-harcolnak-a-vallalat-szakszervezetei már korábban le lett gyűjtve!
INFO	2019-03-20 12:33:07,154	__main__	!!!	https://444.hu/2019/03/19/trump-lehetseges-nato-tagkent-beszelt-braziliarol már korábban le lett gyűjtve!
INFO	2019-03-20 12:33:07,154	__main__	!!!	https://444.hu/2019/03/19/baranyhimlovel-kerult-korhazba-az-olasz-politikus-miutan-kritizalta-az-oltasokat-kotelezove-tevo-jogszabalyt már korábban le lett gyűjtve!
INFO	2019-03-20 16:28:43,274	__main__	https://444.hu/2019/03/20/turisztikai-ugynokseg-a-kormany-napirendre-veszi-a-szallasafa-csokkentest legyűjtve
INFO	2019-03-20 16:28:43,618	__main__	https://444.hu/2019/03/20/betiltanak-az-e-cigit-san-franciscoban legyűjtve
INFO	2019-03-20 16:28:43,933	__main__	https://kepek.444.hu/2019/03/20/ader-janos-megtekintette-es-megerintette-az-ev-fajat legyűjtve
INFO	2019-03-20 16:28:44,133	__main__	https://444.hu/2019/03/20/tobb-mint-otven-ii-vilaghaborus-robbanotest-kerult-elo-a-varosligetben legyűjtve
INFO	2019-03-20 16:28:45,167	__main__	https://444.hu/2019/03/20/theresa-may-junius-vegeig-kert-halasztast-az-eu-tol legyűjtve
INFO	2019-03-20 16:28:45,496	__main__	https://444.hu/2019/03/20/nem-kerhetnek-akarmennyi-penzt-kozterulet-hasznalatert-az-onkormanyzatok legyűjtve
INFO	2019-03-20 16:28:46,490	__main__	https://444.hu/2019/03/20/penzert-husaruert-es-ingyen-kazanszerelesert-adott-ki-belso-informaciokat-a-nav-tisztviseloje legyűjtve
INFO	2019-03-20 16:28:46,798	__main__	https://444.hu/2019/03/20/a-kormany-talalt-egy-felujitasra-szorulo-kisvasutat legyűjtve
INFO	2019-03-20 16:28:47,160	__main__	https://444.hu/2019/03/20/kazahsztanban-nem-szarakodnak-egy-nap-alatt-at-is-neveztek-a-fovarosukat-nurszultanra legyűjtve
INFO	2019-03-20 16:28:47,444	__main__	https://444.hu/2019/03/20/ej-de-szepen-lepucoltak-a-jardat-az-ujlipotvarosban legyűjtve
INFO	2019-03-20 16:28:47,736	__main__	https://444.hu/2019/03/20/reces-zsirafcsiko-szuletett-debrecenben legyűjtve
INFO	2019-03-20 16:28:48,040	__main__	https://444.hu/2019/03/20/haho-ekisek-nagyon-magas-mdma-tartalmu-bogyok-kerultek-a-piacra-vigyazzatok-magatokra legyűjtve
INFO	2019-03-20 16:28:48,349	__main__	https://444.hu/2019/03/20/a-neppartot-fikazo-fideszes-idezeteket-ragasztott-az-epp-szekhazara-a-momentum-brusszelben legyűjtve
INFO	2019-03-20 16:28:48,671	__main__	!!!	https://444.hu/2019/03/20/a-szakmai-szervezetek-sem-ertik-mi-alapjan-osztottak-ki-az-allami-kitunteteseket már korábban le lett gyűjtve!
INFO	2019-03-20 16:28:48,672	__main__	!!!	https://444.hu/2019/03/20/alfoldi-mi-fog-tortenni-ha-haromszaz-ember-elott-elmondom-hogy-nem-ertek-egyet-a-kormannyal-semmi4 már korábban le lett gyűjtve!
INFO	2019-03-20 16:28:48,672	__main__	!!!	https://444.hu/2019/03/20/sikeresen-kikelt-a-masodik-sasfioka-a-bekamerazott-feszekben már korábban le lett gyűjtve!
INFO	2019-03-20 16:28:48,672	__main__	!!!	https://444.hu/2019/03/20/globalis-fellepest-surget-a-rasszistak-ellen-uj-zeland-miniszterelnoke már korábban le lett gyűjtve!
INFO	2019-03-20 16:28:48,672	__main__	!!!	https://444.hu/2019/03/20/most-hogy-a-balatonra-koltozik-ott-kezdtek-tiltakozni-a-red-bull-air-race-ellen már korábban le lett gyűjtve!
INFO	2019-03-20 16:28:48,672	__main__	!!!	https://444.hu/2019/03/20/a-brit-nemzeti-arckeptar-visszamondta-az-opiatdkereskedo-csalad-egymillio-fontos-adomanyat már korábban le lett gyűjtve!
INFO	2019-03-20 16:28:48,672	__main__	!!!	https://444.hu/2019/03/20/kukaba-szorult-egy-medvebocs-tusnadfurdon már korábban le lett gyűjtve!
INFO	2019-03-20 16:28:48,672	__main__	!!!	https://444.hu/2019/03/20/gyogyszerekkel-olte-meg-a-ferjet-mert-az-nem-akart-elvalni-tole már korábban le lett gyűjtve!
INFO	2019-03-20 16:28:48,672	__main__	!!!	https://444.hu/2019/03/20/magyarorszag-elso-eu-tagallamkent-diplomaciai-kepviseletet-nyitott-jeruzsalemben már korábban le lett gyűjtve!
INFO	2019-03-20 16:28:48,672	__main__	!!!	https://444.hu/2019/03/20/vizsgaljak-az-egyesult-allamokban-hogy-egyaltalan-hogyan-kaphatott-repulesi-engedelyt-a-boeing-uj-modellje már korábban le lett gyűjtve!
INFO	2019-03-20 16:28:48,672	__main__	!!!	https://444.hu/2019/03/20/az-uj-kazah-elnok-elso-dolga-volt-hogy-nazarbajevrol-nevezze-el-a-fovarost már korábban le lett gyűjtve!
INFO	2019-03-20 16:28:48,673	__main__	!!!	https://444.hu/2019/03/20/olyan-keves-mutosseged-maradt-a-fiumei-uti-traumatologiai-intezetben-hogy-kedden-mutetek-maradtak-el már korábban le lett gyűjtve!
